19:01:58.890 [main] INFO  api.test.UserTests_001 - ******************running testPostUser create user*******************
19:02:00.386 [main] INFO  api.test.UserTests_001 - ******************finished testPostUser create user*******************
19:02:00.390 [main] INFO  api.test.UserTests_001 - ******************running testGetUserByName*******************
19:02:00.720 [main] INFO  api.test.UserTests_001 - ******************finished testGetUserByName*******************
19:02:00.722 [main] INFO  api.test.UserTests_001 - ******************running testUpdateUserByName*******************
19:02:01.374 [main] INFO  api.test.UserTests_001 - ******************finished testUpdateUserByName*******************
19:02:01.428 [main] INFO  api.test.UserTests_001 - ******************running testDeleteUserByName*******************
19:02:01.756 [main] INFO  api.test.UserTests_001 - ******************finished testDeleteUserByName*******************
19:05:01.627 [main] INFO  api.test.UserTests_001 - ******************running testPostUser create user*******************
19:05:03.011 [main] INFO  api.test.UserTests_001 - ******************finished testPostUser create user*******************
19:05:03.018 [main] INFO  api.test.UserTests_001 - ******************running testGetUserByName*******************
19:05:03.367 [main] INFO  api.test.UserTests_001 - ******************finished testGetUserByName*******************
19:05:03.369 [main] INFO  api.test.UserTests_001 - ******************running testUpdateUserByName*******************
19:05:04.030 [main] INFO  api.test.UserTests_001 - ******************finished testUpdateUserByName*******************
19:05:04.032 [main] INFO  api.test.UserTests_001 - ******************running testDeleteUserByName*******************
19:05:04.362 [main] INFO  api.test.UserTests_001 - ******************finished testDeleteUserByName*******************
19:11:40.271 [main] INFO  api.test.UserTests_001 - ******************running testPostUser create user*******************
19:11:41.680 [main] INFO  api.test.UserTests_001 - ******************finished testPostUser create user*******************
19:11:41.687 [main] INFO  api.test.UserTests_001 - ******************running testGetUserByName*******************
19:11:42.034 [main] INFO  api.test.UserTests_001 - ******************finished testGetUserByName*******************
19:11:42.036 [main] INFO  api.test.UserTests_001 - ******************running testUpdateUserByName*******************
19:11:42.683 [main] INFO  api.test.UserTests_001 - ******************finished testUpdateUserByName*******************
19:11:42.685 [main] INFO  api.test.UserTests_001 - ******************running testDeleteUserByName*******************
19:11:43.018 [main] INFO  api.test.UserTests_001 - ******************finished testDeleteUserByName*******************
19:12:48.137 [main] INFO  api.test.UserTests_001 - ******************running testPostUser create user*******************
19:12:49.490 [main] INFO  api.test.UserTests_001 - ******************finished testPostUser create user*******************
19:12:49.497 [main] INFO  api.test.UserTests_001 - ******************running testGetUserByName*******************
19:12:49.851 [main] INFO  api.test.UserTests_001 - ******************finished testGetUserByName*******************
19:12:49.853 [main] INFO  api.test.UserTests_001 - ******************running testUpdateUserByName*******************
19:12:50.523 [main] INFO  api.test.UserTests_001 - ******************finished testUpdateUserByName*******************
19:12:50.526 [main] INFO  api.test.UserTests_001 - ******************running testDeleteUserByName*******************
19:12:50.852 [main] INFO  api.test.UserTests_001 - ******************finished testDeleteUserByName*******************
12:19:26.672 [main] INFO  api.test.UserTests_001 - ******************running testPostUser create user*******************
12:19:28.083 [main] INFO  api.test.UserTests_001 - ******************finished testPostUser create user*******************
12:19:28.091 [main] INFO  api.test.UserTests_001 - ******************running testGetUserByName*******************
12:19:28.453 [main] INFO  api.test.UserTests_001 - ******************finished testGetUserByName*******************
12:19:28.455 [main] INFO  api.test.UserTests_001 - ******************running testUpdateUserByName*******************
12:19:29.119 [main] INFO  api.test.UserTests_001 - ******************finished testUpdateUserByName*******************
12:19:29.121 [main] INFO  api.test.UserTests_001 - ******************running testDeleteUserByName*******************
12:19:29.465 [main] INFO  api.test.UserTests_001 - ******************finished testDeleteUserByName*******************
12:28:32.904 [main] INFO  api.test.UserTests_001 - ******************running testPostUser create user*******************
12:28:34.344 [main] INFO  api.test.UserTests_001 - ******************finished testPostUser create user*******************
12:28:34.352 [main] INFO  api.test.UserTests_001 - ******************running testGetUserByName*******************
12:28:34.700 [main] INFO  api.test.UserTests_001 - ******************finished testGetUserByName*******************
12:28:34.702 [main] INFO  api.test.UserTests_001 - ******************running testUpdateUserByName*******************
12:28:35.372 [main] INFO  api.test.UserTests_001 - ******************finished testUpdateUserByName*******************
12:28:35.375 [main] INFO  api.test.UserTests_001 - ******************running testDeleteUserByName*******************
12:28:35.715 [main] INFO  api.test.UserTests_001 - ******************finished testDeleteUserByName*******************
12:28:35.739 [main] INFO  api.test.UserTests_byPropertyFile - ******************running testPostUser create user*******************
12:28:36.103 [main] INFO  api.test.UserTests_byPropertyFile - ******************finished testPostUser create user*******************
12:28:36.105 [main] INFO  api.test.UserTests_byPropertyFile - ******************running testGetUserByName*******************
12:28:36.416 [main] INFO  api.test.UserTests_byPropertyFile - ******************finished testGetUserByName*******************
12:28:36.418 [main] INFO  api.test.UserTests_byPropertyFile - ******************running testUpdateUserByName*******************
12:28:37.066 [main] INFO  api.test.UserTests_byPropertyFile - ******************finished testUpdateUserByName*******************
12:28:37.068 [main] INFO  api.test.UserTests_byPropertyFile - ******************running testDeleteUserByName*******************
12:28:37.386 [main] INFO  api.test.UserTests_byPropertyFile - ******************finished testDeleteUserByName*******************
12:35:13.848 [main] INFO  api.test.UserTests_001 - ******************running testPostUser create user*******************
12:35:15.480 [main] INFO  api.test.UserTests_001 - ******************finished testPostUser create user*******************
12:35:15.489 [main] INFO  api.test.UserTests_001 - ******************running testGetUserByName*******************
12:35:15.824 [main] INFO  api.test.UserTests_001 - ******************finished testGetUserByName*******************
12:35:15.825 [main] INFO  api.test.UserTests_001 - ******************running testUpdateUserByName*******************
12:35:16.498 [main] INFO  api.test.UserTests_001 - ******************finished testUpdateUserByName*******************
12:35:16.499 [main] INFO  api.test.UserTests_001 - ******************running testDeleteUserByName*******************
12:35:16.831 [main] INFO  api.test.UserTests_001 - ******************finished testDeleteUserByName*******************
12:35:16.852 [main] INFO  api.test.UserTests_byPropertyFile - ******************running testPostUser create user by property file*******************
12:35:17.193 [main] INFO  api.test.UserTests_byPropertyFile - ******************finished testPostUser create user by property file*******************
12:35:17.194 [main] INFO  api.test.UserTests_byPropertyFile - ******************running testGetUserByName by property file*******************
12:35:17.526 [main] INFO  api.test.UserTests_byPropertyFile - ******************finished testGetUserByName by property file*******************
12:35:17.529 [main] INFO  api.test.UserTests_byPropertyFile - ******************running testUpdateUserByName by property file*******************
12:35:18.171 [main] INFO  api.test.UserTests_byPropertyFile - ******************finished testUpdateUserByName by property file*******************
12:35:18.172 [main] INFO  api.test.UserTests_byPropertyFile - ******************running testDeleteUserByName by property file*******************
12:35:18.509 [main] INFO  api.test.UserTests_byPropertyFile - ******************finished testDeleteUserByName by property file*******************
12:51:07.040 [main] INFO  api.test.UserTests_001 - ******************running testPostUser create user*******************
12:51:08.468 [main] INFO  api.test.UserTests_001 - ******************finished testPostUser create user*******************
12:51:08.474 [main] INFO  api.test.UserTests_001 - ******************running testGetUserByName*******************
12:51:08.824 [main] INFO  api.test.UserTests_001 - ******************finished testGetUserByName*******************
12:51:08.826 [main] INFO  api.test.UserTests_001 - ******************running testUpdateUserByName*******************
12:51:09.476 [main] INFO  api.test.UserTests_001 - ******************finished testUpdateUserByName*******************
12:51:09.479 [main] INFO  api.test.UserTests_001 - ******************running testDeleteUserByName*******************
12:51:09.800 [main] INFO  api.test.UserTests_001 - ******************finished testDeleteUserByName*******************
12:51:09.823 [main] INFO  api.test.UserTests_byPropertyFile - ******************running testPostUser create user by property file*******************
12:51:09.829 [main] INFO  api.test.UserTests_byPropertyFile - ******************running testGetUserByName by property file*******************
12:51:09.831 [main] INFO  api.test.UserTests_byPropertyFile - ******************running testUpdateUserByName by property file*******************
12:51:09.833 [main] INFO  api.test.UserTests_byPropertyFile - ******************running testDeleteUserByName by property file*******************
12:54:18.879 [main] INFO  api.test.UserTests_001 - ******************running testPostUser create user*******************
12:54:20.231 [main] INFO  api.test.UserTests_001 - ******************finished testPostUser create user*******************
12:54:20.239 [main] INFO  api.test.UserTests_001 - ******************running testGetUserByName*******************
12:54:20.587 [main] INFO  api.test.UserTests_001 - ******************finished testGetUserByName*******************
12:54:20.589 [main] INFO  api.test.UserTests_001 - ******************running testUpdateUserByName*******************
12:54:21.254 [main] INFO  api.test.UserTests_001 - ******************finished testUpdateUserByName*******************
12:54:21.256 [main] INFO  api.test.UserTests_001 - ******************running testDeleteUserByName*******************
12:54:21.600 [main] INFO  api.test.UserTests_001 - ******************finished testDeleteUserByName*******************
12:54:21.623 [main] INFO  api.test.UserTests_byPropertyFile - ******************running testPostUser create user by property file*******************
12:54:21.628 [main] INFO  api.test.UserTests_byPropertyFile - ******************running testGetUserByName by property file*******************
12:54:21.630 [main] INFO  api.test.UserTests_byPropertyFile - ******************running testUpdateUserByName by property file*******************
12:54:21.632 [main] INFO  api.test.UserTests_byPropertyFile - ******************running testDeleteUserByName by property file*******************
12:55:39.437 [main] INFO  api.test.UserTests_001 - ******************running testPostUser create user*******************
12:55:40.780 [main] INFO  api.test.UserTests_001 - ******************finished testPostUser create user*******************
12:55:40.788 [main] INFO  api.test.UserTests_001 - ******************running testGetUserByName*******************
12:55:41.097 [main] INFO  api.test.UserTests_001 - ******************finished testGetUserByName*******************
12:55:41.099 [main] INFO  api.test.UserTests_001 - ******************running testUpdateUserByName*******************
12:55:41.740 [main] INFO  api.test.UserTests_001 - ******************finished testUpdateUserByName*******************
12:55:41.743 [main] INFO  api.test.UserTests_001 - ******************running testDeleteUserByName*******************
12:55:42.063 [main] INFO  api.test.UserTests_001 - ******************finished testDeleteUserByName*******************
12:55:42.086 [main] INFO  api.test.UserTests_byPropertyFile - ******************running testPostUser create user by property file*******************
12:55:42.420 [main] INFO  api.test.UserTests_byPropertyFile - ******************finished testPostUser create user by property file*******************
12:55:42.422 [main] INFO  api.test.UserTests_byPropertyFile - ******************running testGetUserByName by property file*******************
12:55:42.754 [main] INFO  api.test.UserTests_byPropertyFile - ******************finished testGetUserByName by property file*******************
12:55:42.756 [main] INFO  api.test.UserTests_byPropertyFile - ******************running testUpdateUserByName by property file*******************
12:55:43.422 [main] INFO  api.test.UserTests_byPropertyFile - ******************finished testUpdateUserByName by property file*******************
12:55:43.424 [main] INFO  api.test.UserTests_byPropertyFile - ******************running testDeleteUserByName by property file*******************
12:55:43.755 [main] INFO  api.test.UserTests_byPropertyFile - ******************finished testDeleteUserByName by property file*******************
14:05:45.813 [main] INFO  api.test.UserTests_001 - ******************running testPostUser create user*******************
14:05:47.087 [main] INFO  api.test.UserTests_001 - ******************finished testPostUser create user*******************
14:05:47.095 [main] INFO  api.test.UserTests_001 - ******************running testGetUserByName*******************
14:05:47.447 [main] INFO  api.test.UserTests_001 - ******************finished testGetUserByName*******************
14:05:47.448 [main] INFO  api.test.UserTests_001 - ******************running testUpdateUserByName*******************
14:05:48.125 [main] INFO  api.test.UserTests_001 - ******************finished testUpdateUserByName*******************
14:05:48.126 [main] INFO  api.test.UserTests_001 - ******************running testDeleteUserByName*******************
14:05:48.461 [main] INFO  api.test.UserTests_001 - ******************finished testDeleteUserByName*******************
14:05:48.484 [main] INFO  api.test.UserTests_byPropertyFile - ******************running testPostUser create user by property file*******************
14:05:48.857 [main] INFO  api.test.UserTests_byPropertyFile - ******************finished testPostUser create user by property file*******************
14:05:48.858 [main] INFO  api.test.UserTests_byPropertyFile - ******************running testGetUserByName by property file*******************
14:05:49.191 [main] INFO  api.test.UserTests_byPropertyFile - ******************finished testGetUserByName by property file*******************
14:05:49.192 [main] INFO  api.test.UserTests_byPropertyFile - ******************running testUpdateUserByName by property file*******************
14:05:49.841 [main] INFO  api.test.UserTests_byPropertyFile - ******************finished testUpdateUserByName by property file*******************
14:05:49.842 [main] INFO  api.test.UserTests_byPropertyFile - ******************running testDeleteUserByName by property file*******************
14:05:50.179 [main] INFO  api.test.UserTests_byPropertyFile - ******************finished testDeleteUserByName by property file*******************
16:55:04.982 [main] INFO  api.test.UserTests_001 - ******************running testPostUser create user*******************
16:55:06.273 [main] INFO  api.test.UserTests_001 - ******************finished testPostUser create user*******************
16:55:06.282 [main] INFO  api.test.UserTests_001 - ******************running testGetUserByName*******************
16:55:06.640 [main] INFO  api.test.UserTests_001 - ******************finished testGetUserByName*******************
16:55:06.641 [main] INFO  api.test.UserTests_001 - ******************running testUpdateUserByName*******************
16:55:07.291 [main] INFO  api.test.UserTests_001 - ******************finished testUpdateUserByName*******************
16:55:07.293 [main] INFO  api.test.UserTests_001 - ******************running testDeleteUserByName*******************
16:55:07.610 [main] INFO  api.test.UserTests_001 - ******************finished testDeleteUserByName*******************
16:55:07.632 [main] INFO  api.test.UserTests_byPropertyFile - ******************running testPostUser create user by property file*******************
16:55:07.980 [main] INFO  api.test.UserTests_byPropertyFile - ******************finished testPostUser create user by property file*******************
16:55:07.981 [main] INFO  api.test.UserTests_byPropertyFile - ******************running testGetUserByName by property file*******************
16:55:08.300 [main] INFO  api.test.UserTests_byPropertyFile - ******************finished testGetUserByName by property file*******************
16:55:08.301 [main] INFO  api.test.UserTests_byPropertyFile - ******************running testUpdateUserByName by property file*******************
16:55:08.952 [main] INFO  api.test.UserTests_byPropertyFile - ******************finished testUpdateUserByName by property file*******************
16:55:08.953 [main] INFO  api.test.UserTests_byPropertyFile - ******************running testDeleteUserByName by property file*******************
16:55:09.287 [main] INFO  api.test.UserTests_byPropertyFile - ******************finished testDeleteUserByName by property file*******************
17:04:04.323 [main] INFO  api.test.UserTests_001 - ******************running testPostUser create user*******************
17:04:05.609 [main] INFO  api.test.UserTests_001 - ******************finished testPostUser create user*******************
17:04:05.617 [main] INFO  api.test.UserTests_001 - ******************running testGetUserByName*******************
17:04:05.966 [main] INFO  api.test.UserTests_001 - ******************finished testGetUserByName*******************
17:04:05.967 [main] INFO  api.test.UserTests_001 - ******************running testUpdateUserByName*******************
17:04:06.620 [main] INFO  api.test.UserTests_001 - ******************finished testUpdateUserByName*******************
17:04:06.621 [main] INFO  api.test.UserTests_001 - ******************running testDeleteUserByName*******************
17:04:06.961 [main] INFO  api.test.UserTests_001 - ******************finished testDeleteUserByName*******************
17:04:06.985 [main] INFO  api.test.UserTests_byPropertyFile - ******************running testPostUser create user by property file*******************
17:04:07.308 [main] INFO  api.test.UserTests_byPropertyFile - ******************finished testPostUser create user by property file*******************
17:04:07.309 [main] INFO  api.test.UserTests_byPropertyFile - ******************running testGetUserByName by property file*******************
17:04:07.644 [main] INFO  api.test.UserTests_byPropertyFile - ******************finished testGetUserByName by property file*******************
17:04:07.645 [main] INFO  api.test.UserTests_byPropertyFile - ******************running testUpdateUserByName by property file*******************
17:04:08.317 [main] INFO  api.test.UserTests_byPropertyFile - ******************finished testUpdateUserByName by property file*******************
17:04:08.318 [main] INFO  api.test.UserTests_byPropertyFile - ******************running testDeleteUserByName by property file*******************
17:04:08.647 [main] INFO  api.test.UserTests_byPropertyFile - ******************finished testDeleteUserByName by property file*******************
23:46:22.540 [main] INFO  api.test.UserTests_001 - ******************running testPostUser create user*******************
23:46:23.963 [main] INFO  api.test.UserTests_001 - ******************finished testPostUser create user*******************
23:46:23.971 [main] INFO  api.test.UserTests_001 - ******************running testGetUserByName*******************
23:46:24.324 [main] INFO  api.test.UserTests_001 - ******************finished testGetUserByName*******************
23:46:24.325 [main] INFO  api.test.UserTests_001 - ******************running testUpdateUserByName*******************
23:46:24.997 [main] INFO  api.test.UserTests_001 - ******************finished testUpdateUserByName*******************
23:46:24.998 [main] INFO  api.test.UserTests_001 - ******************running testDeleteUserByName*******************
23:46:25.324 [main] INFO  api.test.UserTests_001 - ******************finished testDeleteUserByName*******************
23:46:25.355 [main] INFO  api.test.UserTests_byPropertyFile - ******************running testPostUser create user by property file*******************
23:46:25.709 [main] INFO  api.test.UserTests_byPropertyFile - ******************finished testPostUser create user by property file*******************
23:46:25.710 [main] INFO  api.test.UserTests_byPropertyFile - ******************running testGetUserByName by property file*******************
23:46:26.031 [main] INFO  api.test.UserTests_byPropertyFile - ******************finished testGetUserByName by property file*******************
23:46:26.032 [main] INFO  api.test.UserTests_byPropertyFile - ******************running testUpdateUserByName by property file*******************
23:46:26.712 [main] INFO  api.test.UserTests_byPropertyFile - ******************finished testUpdateUserByName by property file*******************
23:46:26.713 [main] INFO  api.test.UserTests_byPropertyFile - ******************running testDeleteUserByName by property file*******************
23:46:27.053 [main] INFO  api.test.UserTests_byPropertyFile - ******************finished testDeleteUserByName by property file*******************
23:49:43.929 [main] INFO  api.test.UserTests_001 - ******************running testPostUser create user*******************
23:49:45.224 [main] INFO  api.test.UserTests_001 - ******************finished testPostUser create user*******************
23:49:45.231 [main] INFO  api.test.UserTests_001 - ******************running testGetUserByName*******************
23:49:45.584 [main] INFO  api.test.UserTests_001 - ******************finished testGetUserByName*******************
23:49:45.585 [main] INFO  api.test.UserTests_001 - ******************running testUpdateUserByName*******************
23:49:46.260 [main] INFO  api.test.UserTests_001 - ******************finished testUpdateUserByName*******************
23:49:46.262 [main] INFO  api.test.UserTests_001 - ******************running testDeleteUserByName*******************
23:49:46.581 [main] INFO  api.test.UserTests_001 - ******************finished testDeleteUserByName*******************
23:49:46.604 [main] INFO  api.test.UserTests_byPropertyFile - ******************running testPostUser create user by property file*******************
23:49:46.939 [main] INFO  api.test.UserTests_byPropertyFile - ******************finished testPostUser create user by property file*******************
23:49:46.940 [main] INFO  api.test.UserTests_byPropertyFile - ******************running testGetUserByName by property file*******************
23:49:47.269 [main] INFO  api.test.UserTests_byPropertyFile - ******************finished testGetUserByName by property file*******************
23:49:47.270 [main] INFO  api.test.UserTests_byPropertyFile - ******************running testUpdateUserByName by property file*******************
23:49:47.945 [main] INFO  api.test.UserTests_byPropertyFile - ******************finished testUpdateUserByName by property file*******************
23:49:47.946 [main] INFO  api.test.UserTests_byPropertyFile - ******************running testDeleteUserByName by property file*******************
23:49:48.279 [main] INFO  api.test.UserTests_byPropertyFile - ******************finished testDeleteUserByName by property file*******************
23:53:51.555 [main] INFO  api.test.UserTests_001 - ******************running testPostUser create user*******************
23:53:52.811 [main] INFO  api.test.UserTests_001 - ******************finished testPostUser create user*******************
23:53:52.821 [main] INFO  api.test.UserTests_001 - ******************running testGetUserByName*******************
23:53:53.162 [main] INFO  api.test.UserTests_001 - ******************finished testGetUserByName*******************
23:53:53.163 [main] INFO  api.test.UserTests_001 - ******************running testUpdateUserByName*******************
23:53:53.848 [main] INFO  api.test.UserTests_001 - ******************finished testUpdateUserByName*******************
23:53:53.850 [main] INFO  api.test.UserTests_001 - ******************running testDeleteUserByName*******************
23:53:54.172 [main] INFO  api.test.UserTests_001 - ******************finished testDeleteUserByName*******************
23:53:54.195 [main] INFO  api.test.UserTests_byPropertyFile - ******************running testPostUser create user by property file*******************
23:53:54.544 [main] INFO  api.test.UserTests_byPropertyFile - ******************finished testPostUser create user by property file*******************
23:53:54.545 [main] INFO  api.test.UserTests_byPropertyFile - ******************running testGetUserByName by property file*******************
23:53:54.880 [main] INFO  api.test.UserTests_byPropertyFile - ******************finished testGetUserByName by property file*******************
23:53:54.881 [main] INFO  api.test.UserTests_byPropertyFile - ******************running testUpdateUserByName by property file*******************
23:53:55.547 [main] INFO  api.test.UserTests_byPropertyFile - ******************finished testUpdateUserByName by property file*******************
23:53:55.548 [main] INFO  api.test.UserTests_byPropertyFile - ******************running testDeleteUserByName by property file*******************
23:53:55.864 [main] INFO  api.test.UserTests_byPropertyFile - ******************finished testDeleteUserByName by property file*******************
23:55:04.893 [main] INFO  api.test.UserTests_001 - ******************running testPostUser create user*******************
23:55:06.275 [main] INFO  api.test.UserTests_001 - ******************finished testPostUser create user*******************
23:55:06.283 [main] INFO  api.test.UserTests_001 - ******************running testGetUserByName*******************
23:55:06.641 [main] INFO  api.test.UserTests_001 - ******************finished testGetUserByName*******************
23:55:06.642 [main] INFO  api.test.UserTests_001 - ******************running testUpdateUserByName*******************
23:55:07.335 [main] INFO  api.test.UserTests_001 - ******************finished testUpdateUserByName*******************
23:55:07.337 [main] INFO  api.test.UserTests_001 - ******************running testDeleteUserByName*******************
23:55:07.672 [main] INFO  api.test.UserTests_001 - ******************finished testDeleteUserByName*******************
23:55:07.704 [main] INFO  api.test.UserTests_byPropertyFile - ******************running testPostUser create user by property file*******************
23:55:08.050 [main] INFO  api.test.UserTests_byPropertyFile - ******************finished testPostUser create user by property file*******************
23:55:08.051 [main] INFO  api.test.UserTests_byPropertyFile - ******************running testGetUserByName by property file*******************
23:55:08.370 [main] INFO  api.test.UserTests_byPropertyFile - ******************finished testGetUserByName by property file*******************
23:55:08.371 [main] INFO  api.test.UserTests_byPropertyFile - ******************running testUpdateUserByName by property file*******************
23:55:09.042 [main] INFO  api.test.UserTests_byPropertyFile - ******************finished testUpdateUserByName by property file*******************
23:55:09.043 [main] INFO  api.test.UserTests_byPropertyFile - ******************running testDeleteUserByName by property file*******************
23:55:09.352 [main] INFO  api.test.UserTests_byPropertyFile - ******************finished testDeleteUserByName by property file*******************
00:00:12.132 [main] INFO  api.test.UserTests_001 - ******************running testPostUser create user*******************
00:00:13.394 [main] INFO  api.test.UserTests_001 - ******************finished testPostUser create user*******************
00:00:13.402 [main] INFO  api.test.UserTests_001 - ******************running testGetUserByName*******************
00:00:13.741 [main] INFO  api.test.UserTests_001 - ******************finished testGetUserByName*******************
00:00:13.743 [main] INFO  api.test.UserTests_001 - ******************running testUpdateUserByName*******************
00:00:14.411 [main] INFO  api.test.UserTests_001 - ******************finished testUpdateUserByName*******************
00:00:14.413 [main] INFO  api.test.UserTests_001 - ******************running testDeleteUserByName*******************
00:00:14.724 [main] INFO  api.test.UserTests_001 - ******************finished testDeleteUserByName*******************
00:00:14.746 [main] INFO  api.test.UserTests_byPropertyFile - ******************running testPostUser create user by property file*******************
00:00:15.074 [main] INFO  api.test.UserTests_byPropertyFile - ******************finished testPostUser create user by property file*******************
00:00:15.075 [main] INFO  api.test.UserTests_byPropertyFile - ******************running testGetUserByName by property file*******************
00:00:15.405 [main] INFO  api.test.UserTests_byPropertyFile - ******************finished testGetUserByName by property file*******************
00:00:15.406 [main] INFO  api.test.UserTests_byPropertyFile - ******************running testUpdateUserByName by property file*******************
00:00:16.036 [main] INFO  api.test.UserTests_byPropertyFile - ******************finished testUpdateUserByName by property file*******************
00:00:16.037 [main] INFO  api.test.UserTests_byPropertyFile - ******************running testDeleteUserByName by property file*******************
00:00:16.358 [main] INFO  api.test.UserTests_byPropertyFile - ******************finished testDeleteUserByName by property file*******************
00:01:53.062 [main] INFO  api.test.UserTests_001 - ******************running testPostUser create user*******************
00:01:54.321 [main] INFO  api.test.UserTests_001 - ******************finished testPostUser create user*******************
00:01:54.329 [main] INFO  api.test.UserTests_001 - ******************running testGetUserByName*******************
00:01:54.671 [main] INFO  api.test.UserTests_001 - ******************finished testGetUserByName*******************
00:01:54.673 [main] INFO  api.test.UserTests_001 - ******************running testUpdateUserByName*******************
00:01:55.350 [main] INFO  api.test.UserTests_001 - ******************finished testUpdateUserByName*******************
00:01:55.351 [main] INFO  api.test.UserTests_001 - ******************running testDeleteUserByName*******************
00:01:55.686 [main] INFO  api.test.UserTests_001 - ******************finished testDeleteUserByName*******************
00:01:55.709 [main] INFO  api.test.UserTests_byPropertyFile - ******************running testPostUser create user by property file*******************
00:01:56.050 [main] INFO  api.test.UserTests_byPropertyFile - ******************finished testPostUser create user by property file*******************
00:01:56.051 [main] INFO  api.test.UserTests_byPropertyFile - ******************running testGetUserByName by property file*******************
00:01:56.367 [main] INFO  api.test.UserTests_byPropertyFile - ******************finished testGetUserByName by property file*******************
00:01:56.368 [main] INFO  api.test.UserTests_byPropertyFile - ******************running testUpdateUserByName by property file*******************
00:01:57.034 [main] INFO  api.test.UserTests_byPropertyFile - ******************finished testUpdateUserByName by property file*******************
00:01:57.035 [main] INFO  api.test.UserTests_byPropertyFile - ******************running testDeleteUserByName by property file*******************
00:01:57.358 [main] INFO  api.test.UserTests_byPropertyFile - ******************finished testDeleteUserByName by property file*******************
11:14:46.925 [main] INFO  api.test.UserTests_001 - ******************running testPostUser create user*******************
11:14:48.190 [main] INFO  api.test.UserTests_001 - ******************finished testPostUser create user*******************
11:14:48.198 [main] INFO  api.test.UserTests_001 - ******************running testGetUserByName*******************
11:14:48.544 [main] INFO  api.test.UserTests_001 - ******************finished testGetUserByName*******************
11:14:48.545 [main] INFO  api.test.UserTests_001 - ******************running testUpdateUserByName*******************
11:14:49.217 [main] INFO  api.test.UserTests_001 - ******************finished testUpdateUserByName*******************
11:14:49.218 [main] INFO  api.test.UserTests_001 - ******************running testDeleteUserByName*******************
11:14:49.536 [main] INFO  api.test.UserTests_001 - ******************finished testDeleteUserByName*******************
11:14:49.557 [main] INFO  api.test.UserTests_byPropertyFile - ******************running testPostUser create user by property file*******************
11:14:49.901 [main] INFO  api.test.UserTests_byPropertyFile - ******************finished testPostUser create user by property file*******************
11:14:49.901 [main] INFO  api.test.UserTests_byPropertyFile - ******************running testGetUserByName by property file*******************
11:14:50.241 [main] INFO  api.test.UserTests_byPropertyFile - ******************finished testGetUserByName by property file*******************
11:14:50.243 [main] INFO  api.test.UserTests_byPropertyFile - ******************running testUpdateUserByName by property file*******************
11:14:50.909 [main] INFO  api.test.UserTests_byPropertyFile - ******************finished testUpdateUserByName by property file*******************
11:14:50.910 [main] INFO  api.test.UserTests_byPropertyFile - ******************running testDeleteUserByName by property file*******************
11:14:51.237 [main] INFO  api.test.UserTests_byPropertyFile - ******************finished testDeleteUserByName by property file*******************
11:16:22.890 [main] INFO  api.test.UserTests_001 - ******************running testPostUser create user*******************
11:16:24.161 [main] INFO  api.test.UserTests_001 - ******************finished testPostUser create user*******************
11:16:24.168 [main] INFO  api.test.UserTests_001 - ******************running testGetUserByName*******************
11:16:24.520 [main] INFO  api.test.UserTests_001 - ******************finished testGetUserByName*******************
11:16:24.521 [main] INFO  api.test.UserTests_001 - ******************running testUpdateUserByName*******************
11:16:25.182 [main] INFO  api.test.UserTests_001 - ******************finished testUpdateUserByName*******************
11:16:25.183 [main] INFO  api.test.UserTests_001 - ******************running testDeleteUserByName*******************
11:16:25.503 [main] INFO  api.test.UserTests_001 - ******************finished testDeleteUserByName*******************
11:16:25.526 [main] INFO  api.test.UserTests_byPropertyFile - ******************running testPostUser create user by property file*******************
11:16:25.867 [main] INFO  api.test.UserTests_byPropertyFile - ******************finished testPostUser create user by property file*******************
11:16:25.869 [main] INFO  api.test.UserTests_byPropertyFile - ******************running testGetUserByName by property file*******************
11:16:26.196 [main] INFO  api.test.UserTests_byPropertyFile - ******************finished testGetUserByName by property file*******************
11:16:26.198 [main] INFO  api.test.UserTests_byPropertyFile - ******************running testUpdateUserByName by property file*******************
11:16:26.853 [main] INFO  api.test.UserTests_byPropertyFile - ******************finished testUpdateUserByName by property file*******************
11:16:26.854 [main] INFO  api.test.UserTests_byPropertyFile - ******************running testDeleteUserByName by property file*******************
11:16:27.176 [main] INFO  api.test.UserTests_byPropertyFile - ******************finished testDeleteUserByName by property file*******************
11:19:50.729 [main] INFO  api.test.UserTests_001 - ******************running testPostUser create user*******************
11:19:51.982 [main] INFO  api.test.UserTests_001 - ******************finished testPostUser create user*******************
11:19:51.990 [main] INFO  api.test.UserTests_001 - ******************running testGetUserByName*******************
11:19:52.316 [main] INFO  api.test.UserTests_001 - ******************finished testGetUserByName*******************
11:19:52.318 [main] INFO  api.test.UserTests_001 - ******************running testUpdateUserByName*******************
11:19:52.997 [main] INFO  api.test.UserTests_001 - ******************finished testUpdateUserByName*******************
11:19:52.998 [main] INFO  api.test.UserTests_001 - ******************running testDeleteUserByName*******************
11:19:53.331 [main] INFO  api.test.UserTests_001 - ******************finished testDeleteUserByName*******************
11:19:53.354 [main] INFO  api.test.UserTests_byPropertyFile - ******************running testPostUser create user by property file*******************
11:19:53.704 [main] INFO  api.test.UserTests_byPropertyFile - ******************finished testPostUser create user by property file*******************
11:19:53.706 [main] INFO  api.test.UserTests_byPropertyFile - ******************running testGetUserByName by property file*******************
11:19:54.018 [main] INFO  api.test.UserTests_byPropertyFile - ******************finished testGetUserByName by property file*******************
11:19:54.019 [main] INFO  api.test.UserTests_byPropertyFile - ******************running testUpdateUserByName by property file*******************
11:19:54.654 [main] INFO  api.test.UserTests_byPropertyFile - ******************finished testUpdateUserByName by property file*******************
11:19:54.654 [main] INFO  api.test.UserTests_byPropertyFile - ******************running testDeleteUserByName by property file*******************
11:19:54.976 [main] INFO  api.test.UserTests_byPropertyFile - ******************finished testDeleteUserByName by property file*******************
11:24:42.757 [main] INFO  api.test.UserTests_001 - ******************running testPostUser create user*******************
11:24:44.048 [main] INFO  api.test.UserTests_001 - ******************finished testPostUser create user*******************
11:24:44.055 [main] INFO  api.test.UserTests_001 - ******************running testGetUserByName*******************
11:24:44.410 [main] INFO  api.test.UserTests_001 - ******************finished testGetUserByName*******************
11:24:44.412 [main] INFO  api.test.UserTests_001 - ******************running testUpdateUserByName*******************
11:24:45.061 [main] INFO  api.test.UserTests_001 - ******************finished testUpdateUserByName*******************
11:24:45.062 [main] INFO  api.test.UserTests_001 - ******************running testDeleteUserByName*******************
11:24:45.389 [main] INFO  api.test.UserTests_001 - ******************finished testDeleteUserByName*******************
11:24:45.410 [main] INFO  api.test.UserTests_byPropertyFile - ******************running testPostUser create user by property file*******************
11:24:45.746 [main] INFO  api.test.UserTests_byPropertyFile - ******************finished testPostUser create user by property file*******************
11:24:45.747 [main] INFO  api.test.UserTests_byPropertyFile - ******************running testGetUserByName by property file*******************
11:24:46.076 [main] INFO  api.test.UserTests_byPropertyFile - ******************finished testGetUserByName by property file*******************
11:24:46.077 [main] INFO  api.test.UserTests_byPropertyFile - ******************running testUpdateUserByName by property file*******************
11:24:46.735 [main] INFO  api.test.UserTests_byPropertyFile - ******************finished testUpdateUserByName by property file*******************
11:24:46.736 [main] INFO  api.test.UserTests_byPropertyFile - ******************running testDeleteUserByName by property file*******************
11:24:47.066 [main] INFO  api.test.UserTests_byPropertyFile - ******************finished testDeleteUserByName by property file*******************
11:36:15.513 [main] INFO  api.test.UserTests_001 - ******************running testPostUser create user*******************
11:36:16.768 [main] INFO  api.test.UserTests_001 - ******************finished testPostUser create user*******************
11:36:16.775 [main] INFO  api.test.UserTests_001 - ******************running testGetUserByName*******************
11:36:17.120 [main] INFO  api.test.UserTests_001 - ******************finished testGetUserByName*******************
11:36:17.122 [main] INFO  api.test.UserTests_001 - ******************running testUpdateUserByName*******************
11:36:17.802 [main] INFO  api.test.UserTests_001 - ******************finished testUpdateUserByName*******************
11:36:17.804 [main] INFO  api.test.UserTests_001 - ******************running testDeleteUserByName*******************
11:36:18.123 [main] INFO  api.test.UserTests_001 - ******************finished testDeleteUserByName*******************
11:36:18.145 [main] INFO  api.test.UserTests_byPropertyFile - ******************running testPostUser create user by property file*******************
11:36:18.497 [main] INFO  api.test.UserTests_byPropertyFile - ******************finished testPostUser create user by property file*******************
11:36:18.498 [main] INFO  api.test.UserTests_byPropertyFile - ******************running testGetUserByName by property file*******************
11:36:18.841 [main] INFO  api.test.UserTests_byPropertyFile - ******************finished testGetUserByName by property file*******************
11:36:18.842 [main] INFO  api.test.UserTests_byPropertyFile - ******************running testUpdateUserByName by property file*******************
11:36:19.498 [main] INFO  api.test.UserTests_byPropertyFile - ******************finished testUpdateUserByName by property file*******************
11:36:19.499 [main] INFO  api.test.UserTests_byPropertyFile - ******************running testDeleteUserByName by property file*******************
11:36:19.831 [main] INFO  api.test.UserTests_byPropertyFile - ******************finished testDeleteUserByName by property file*******************
11:43:19.920 [main] INFO  api.test.UserTests_001 - ******************running testPostUser create user*******************
11:43:21.247 [main] INFO  api.test.UserTests_001 - ******************finished testPostUser create user*******************
11:43:21.256 [main] INFO  api.test.UserTests_001 - ******************running testGetUserByName*******************
11:43:21.607 [main] INFO  api.test.UserTests_001 - ******************finished testGetUserByName*******************
11:43:21.608 [main] INFO  api.test.UserTests_001 - ******************running testUpdateUserByName*******************
11:43:22.295 [main] INFO  api.test.UserTests_001 - ******************finished testUpdateUserByName*******************
11:43:22.296 [main] INFO  api.test.UserTests_001 - ******************running testDeleteUserByName*******************
11:43:22.617 [main] INFO  api.test.UserTests_001 - ******************finished testDeleteUserByName*******************
11:43:22.645 [main] INFO  api.test.UserTests_byPropertyFile - ******************running testPostUser create user by property file*******************
11:43:23.000 [main] INFO  api.test.UserTests_byPropertyFile - ******************finished testPostUser create user by property file*******************
11:43:23.001 [main] INFO  api.test.UserTests_byPropertyFile - ******************running testGetUserByName by property file*******************
11:43:23.322 [main] INFO  api.test.UserTests_byPropertyFile - ******************finished testGetUserByName by property file*******************
11:43:23.323 [main] INFO  api.test.UserTests_byPropertyFile - ******************running testUpdateUserByName by property file*******************
11:43:23.996 [main] INFO  api.test.UserTests_byPropertyFile - ******************finished testUpdateUserByName by property file*******************
11:43:23.998 [main] INFO  api.test.UserTests_byPropertyFile - ******************running testDeleteUserByName by property file*******************
11:43:24.332 [main] INFO  api.test.UserTests_byPropertyFile - ******************finished testDeleteUserByName by property file*******************
11:46:06.532 [main] INFO  api.test.UserTests_001 - ******************running testPostUser create user*******************
11:46:07.743 [main] INFO  api.test.UserTests_001 - ******************finished testPostUser create user*******************
11:46:07.750 [main] INFO  api.test.UserTests_001 - ******************running testGetUserByName*******************
11:46:08.087 [main] INFO  api.test.UserTests_001 - ******************finished testGetUserByName*******************
11:46:08.088 [main] INFO  api.test.UserTests_001 - ******************running testUpdateUserByName*******************
11:46:08.772 [main] INFO  api.test.UserTests_001 - ******************finished testUpdateUserByName*******************
11:46:08.774 [main] INFO  api.test.UserTests_001 - ******************running testDeleteUserByName*******************
11:46:09.100 [main] INFO  api.test.UserTests_001 - ******************finished testDeleteUserByName*******************
11:46:09.122 [main] INFO  api.test.UserTests_byPropertyFile - ******************running testPostUser create user by property file*******************
11:46:09.453 [main] INFO  api.test.UserTests_byPropertyFile - ******************finished testPostUser create user by property file*******************
11:46:09.454 [main] INFO  api.test.UserTests_byPropertyFile - ******************running testGetUserByName by property file*******************
11:46:09.788 [main] INFO  api.test.UserTests_byPropertyFile - ******************finished testGetUserByName by property file*******************
11:46:09.789 [main] INFO  api.test.UserTests_byPropertyFile - ******************running testUpdateUserByName by property file*******************
11:46:10.439 [main] INFO  api.test.UserTests_byPropertyFile - ******************finished testUpdateUserByName by property file*******************
11:46:10.440 [main] INFO  api.test.UserTests_byPropertyFile - ******************running testDeleteUserByName by property file*******************
11:46:10.776 [main] INFO  api.test.UserTests_byPropertyFile - ******************finished testDeleteUserByName by property file*******************
12:04:04.825 [main] INFO  api.test.UserTests_001 - ******************running testPostUser create user*******************
12:04:06.077 [main] INFO  api.test.UserTests_001 - ******************finished testPostUser create user*******************
12:04:06.085 [main] INFO  api.test.UserTests_001 - ******************running testGetUserByName*******************
12:04:06.434 [main] INFO  api.test.UserTests_001 - ******************finished testGetUserByName*******************
12:04:06.435 [main] INFO  api.test.UserTests_001 - ******************running testUpdateUserByName*******************
12:04:07.117 [main] INFO  api.test.UserTests_001 - ******************finished testUpdateUserByName*******************
12:04:07.118 [main] INFO  api.test.UserTests_001 - ******************running testDeleteUserByName*******************
12:04:07.454 [main] INFO  api.test.UserTests_001 - ******************finished testDeleteUserByName*******************
12:04:07.475 [main] INFO  api.test.UserTests_byPropertyFile - ******************running testPostUser create user by property file*******************
12:04:07.795 [main] INFO  api.test.UserTests_byPropertyFile - ******************finished testPostUser create user by property file*******************
12:04:07.796 [main] INFO  api.test.UserTests_byPropertyFile - ******************running testGetUserByName by property file*******************
12:04:08.121 [main] INFO  api.test.UserTests_byPropertyFile - ******************finished testGetUserByName by property file*******************
12:04:08.122 [main] INFO  api.test.UserTests_byPropertyFile - ******************running testUpdateUserByName by property file*******************
12:04:08.789 [main] INFO  api.test.UserTests_byPropertyFile - ******************finished testUpdateUserByName by property file*******************
12:04:08.790 [main] INFO  api.test.UserTests_byPropertyFile - ******************running testDeleteUserByName by property file*******************
